<?xml version="1.0" encoding="UTF-8"?>
<coverage generated="1682293805417" clover="3.2.0">
  <project timestamp="1682293805417" name="All files">
    <metrics statements="25" coveredstatements="21" conditionals="5" coveredconditionals="4" methods="5" coveredmethods="3" elements="35" coveredelements="28" complexity="0" loc="25" ncloc="25" packages="3" files="4" classes="4"/>
    <package name="entity">
      <metrics statements="5" coveredstatements="5" conditionals="4" coveredconditionals="3" methods="1" coveredmethods="1"/>
      <file name="user.ts" path="/Users/victor/code/user-management-api/src/core/user/entity/user.ts">
        <metrics statements="5" coveredstatements="5" conditionals="4" coveredconditionals="3" methods="1" coveredmethods="1"/>
        <line num="1" count="1" type="stmt"/>
        <line num="4" count="1" type="stmt"/>
        <line num="16" count="1" type="stmt"/>
        <line num="26" count="2" type="cond" truecount="3" falsecount="1"/>
        <line num="27" count="2" type="stmt"/>
      </file>
    </package>
    <package name="repository">
      <metrics statements="2" coveredstatements="2" conditionals="0" coveredconditionals="0" methods="0" coveredmethods="0"/>
      <file name="user.ts" path="/Users/victor/code/user-management-api/src/core/user/repository/user.ts">
        <metrics statements="2" coveredstatements="2" conditionals="0" coveredconditionals="0" methods="0" coveredmethods="0"/>
        <line num="1" count="1" type="stmt"/>
        <line num="4" count="1" type="stmt"/>
      </file>
    </package>
    <package name="use-cases">
      <metrics statements="18" coveredstatements="14" conditionals="1" coveredconditionals="1" methods="4" coveredmethods="2"/>
      <file name="users-create.ts" path="/Users/victor/code/user-management-api/src/core/user/use-cases/users-create.ts">
        <metrics statements="15" coveredstatements="14" conditionals="1" coveredconditionals="1" methods="2" coveredmethods="2"/>
        <line num="1" count="1" type="stmt"/>
        <line num="7" count="1" type="stmt"/>
        <line num="9" count="1" type="stmt"/>
        <line num="10" count="1" type="stmt"/>
        <line num="12" count="1" type="stmt"/>
        <line num="13" count="3" type="stmt"/>
        <line num="16" count="1" type="stmt"/>
        <line num="17" count="2" type="stmt"/>
        <line num="19" count="2" type="stmt"/>
        <line num="23" count="2" type="cond" truecount="1" falsecount="0"/>
        <line num="24" count="1" type="stmt"/>
        <line num="27" count="1" type="stmt"/>
        <line num="28" count="1" type="stmt"/>
        <line num="29" count="1" type="stmt"/>
        <line num="31" count="0" type="stmt"/>
      </file>
      <file name="users-list.ts" path="/Users/victor/code/user-management-api/src/core/user/use-cases/users-list.ts">
        <metrics statements="3" coveredstatements="0" conditionals="0" coveredconditionals="0" methods="2" coveredmethods="0"/>
        <line num="3" count="0" type="stmt"/>
        <line num="4" count="0" type="stmt"/>
        <line num="7" count="0" type="stmt"/>
      </file>
    </package>
  </project>
</coverage>
