TN:
SF:src/core/user/entity/user.ts
FN:25,(anonymous_0)
FNF:1
FNH:1
FNDA:2,(anonymous_0)
DA:1,1
DA:4,1
DA:16,1
DA:26,2
DA:27,2
LF:5
LH:5
BRDA:26,0,0,0
BRDA:26,0,1,2
BRDA:26,1,0,2
BRDA:26,1,1,2
BRF:4
BRH:3
end_of_record
TN:
SF:src/core/user/repository/user.ts
FNF:0
FNH:0
DA:1,1
DA:4,1
LF:2
LH:2
BRF:0
BRH:0
end_of_record
TN:
SF:src/core/user/use-cases/users-create.ts
FN:13,(anonymous_2)
FN:16,(anonymous_3)
FNF:2
FNH:2
FNDA:3,(anonymous_2)
FNDA:2,(anonymous_3)
DA:1,1
DA:7,1
DA:9,1
DA:10,1
DA:12,1
DA:13,3
DA:16,1
DA:17,2
DA:19,2
DA:23,2
DA:24,1
DA:27,1
DA:28,1
DA:29,1
DA:31,0
LF:15
LH:14
BRDA:23,0,0,1
BRF:1
BRH:1
end_of_record
TN:
SF:src/core/user/use-cases/users-list.ts
FN:4,(anonymous_0)
FN:6,(anonymous_1)
FNF:2
FNH:0
FNDA:0,(anonymous_0)
FNDA:0,(anonymous_1)
DA:3,0
DA:4,0
DA:7,0
LF:3
LH:0
BRF:0
BRH:0
end_of_record
